<?xml version="1.0" encoding="UTF-8"?>
<!-- Generated by org.testng.reporters.JUnitReportReporter -->
<testsuite hostname="DESKTOP-9TL849S" failures="0" tests="1" name="com.fbRegistrationTest.FB_RegistrationTest" time="18.486" errors="0" timestamp="2023-05-16T09:27:42 BDT" skipped="0">
  <testcase classname="com.fbRegistrationTest.FB_RegistrationTest" name="registation" time="18.486"/>
  <system-out/>
</testsuite> <!-- com.fbRegistrationTest.FB_RegistrationTest -->
